<?xml version="1.0" encoding="UTF-8"?>
<testsuite xmlns:xsi="http://www.w3.org/2001/XMLSchema-instance" xsi:noNamespaceSchemaLocation="https://maven.apache.org/surefire/maven-surefire-plugin/xsd/surefire-test-report.xsd" name="org.DataStructures.QSort_Test" time="0.27" tests="3" errors="0" skipped="1" failures="0">
  <properties>
[...]
</properties>
  <testcase name="testQsort" classname="org.DataStructures.QSort_Test" time="0.087"/>
  <testcase name="testSort" classname="org.DataStructures.QSort_Test" time="0">
    <skipped message="public void org.DataStructures.QSort_Test.testSort() is @Disabled"/>
  </testcase>
  <testcase name="testSortM0{TestReporter}" classname="org.DataStructures.QSort_Test" time="0.181"/>
</testsuite>